INFO:backend.settings:Starting Django application from /Users/vishaljha/backend
INFO:backend.settings:DEBUG mode: True
INFO:backend.settings:ALLOWED_HOSTS: *
INFO:backend.settings:Database URL: https://qzhfqngedeadnyeqtoqp.supabase.co
INFO:backend.settings:Database password configured: Yes
INFO:backend.settings:Email host configured: Yes
INFO:backend.settings:Email user configured: Yes
INFO:backend.settings:Sendmator API key configured: Yes
INFO:backend.settings:Google Maps API key configured: Yes
INFO:backend.settings:Django settings loaded successfully
Internal Server Error: /auth/signup/
Traceback (most recent call last):
  File "/Users/vishaljha/.pyenv/versions/3.10.13/lib/python3.10/site-packages/django/db/backends/utils.py", line 105, in _execute
    return self.cursor.execute(sql, params)
psycopg2.errors.UniqueViolation: duplicate key value violates unique constraint "users_device_id_key"
DETAIL:  Key (device_id)=(test-device-123) already exists.


The above exception was the direct cause of the following exception:

Traceback (most recent call last):
  File "/Users/vishaljha/.pyenv/versions/3.10.13/lib/python3.10/site-packages/django/core/handlers/exception.py", line 55, in inner
    response = get_response(request)
  File "/Users/vishaljha/.pyenv/versions/3.10.13/lib/python3.10/site-packages/django/core/handlers/base.py", line 197, in _get_response
    response = wrapped_callback(request, *callback_args, **callback_kwargs)
  File "/Users/vishaljha/.pyenv/versions/3.10.13/lib/python3.10/site-packages/django/views/decorators/csrf.py", line 65, in _view_wrapper
    return view_func(request, *args, **kwargs)
  File "/Users/vishaljha/.pyenv/versions/3.10.13/lib/python3.10/site-packages/django/views/generic/base.py", line 104, in view
    return self.dispatch(request, *args, **kwargs)
  File "/Users/vishaljha/.pyenv/versions/3.10.13/lib/python3.10/site-packages/rest_framework/views.py", line 509, in dispatch
    response = self.handle_exception(exc)
  File "/Users/vishaljha/.pyenv/versions/3.10.13/lib/python3.10/site-packages/rest_framework/views.py", line 469, in handle_exception
    self.raise_uncaught_exception(exc)
  File "/Users/vishaljha/.pyenv/versions/3.10.13/lib/python3.10/site-packages/rest_framework/views.py", line 480, in raise_uncaught_exception
    raise exc
  File "/Users/vishaljha/.pyenv/versions/3.10.13/lib/python3.10/site-packages/rest_framework/views.py", line 506, in dispatch
    response = handler(request, *args, **kwargs)
  File "/Users/vishaljha/backend/api/auth_views.py", line 639, in post
    guest_user.save()
  File "/Users/vishaljha/.pyenv/versions/3.10.13/lib/python3.10/site-packages/django/db/models/base.py", line 814, in save
    self.save_base(
  File "/Users/vishaljha/.pyenv/versions/3.10.13/lib/python3.10/site-packages/django/db/models/base.py", line 901, in save_base
    updated = self._save_table(
  File "/Users/vishaljha/.pyenv/versions/3.10.13/lib/python3.10/site-packages/django/db/models/base.py", line 1028, in _save_table
    updated = self._do_update(
  File "/Users/vishaljha/.pyenv/versions/3.10.13/lib/python3.10/site-packages/django/db/models/base.py", line 1093, in _do_update
    return filtered._update(values) > 0
  File "/Users/vishaljha/.pyenv/versions/3.10.13/lib/python3.10/site-packages/django/db/models/query.py", line 1276, in _update
    return query.get_compiler(self.db).execute_sql(CURSOR)
  File "/Users/vishaljha/.pyenv/versions/3.10.13/lib/python3.10/site-packages/django/db/models/sql/compiler.py", line 1987, in execute_sql
    cursor = super().execute_sql(result_type)
  File "/Users/vishaljha/.pyenv/versions/3.10.13/lib/python3.10/site-packages/django/db/models/sql/compiler.py", line 1562, in execute_sql
    cursor.execute(sql, params)
  File "/Users/vishaljha/.pyenv/versions/3.10.13/lib/python3.10/site-packages/django/db/backends/utils.py", line 122, in execute
    return super().execute(sql, params)
  File "/Users/vishaljha/.pyenv/versions/3.10.13/lib/python3.10/site-packages/django/db/backends/utils.py", line 79, in execute
    return self._execute_with_wrappers(
  File "/Users/vishaljha/.pyenv/versions/3.10.13/lib/python3.10/site-packages/django/db/backends/utils.py", line 92, in _execute_with_wrappers
    return executor(sql, params, many, context)
  File "/Users/vishaljha/.pyenv/versions/3.10.13/lib/python3.10/site-packages/django/db/backends/utils.py", line 100, in _execute
    with self.db.wrap_database_errors:
  File "/Users/vishaljha/.pyenv/versions/3.10.13/lib/python3.10/site-packages/django/db/utils.py", line 91, in __exit__
    raise dj_exc_value.with_traceback(traceback) from exc_value
  File "/Users/vishaljha/.pyenv/versions/3.10.13/lib/python3.10/site-packages/django/db/backends/utils.py", line 105, in _execute
    return self.cursor.execute(sql, params)
django.db.utils.IntegrityError: duplicate key value violates unique constraint "users_device_id_key"
DETAIL:  Key (device_id)=(test-device-123) already exists.

ERROR:django.request:Internal Server Error: /auth/signup/
Traceback (most recent call last):
  File "/Users/vishaljha/.pyenv/versions/3.10.13/lib/python3.10/site-packages/django/db/backends/utils.py", line 105, in _execute
    return self.cursor.execute(sql, params)
psycopg2.errors.UniqueViolation: duplicate key value violates unique constraint "users_device_id_key"
DETAIL:  Key (device_id)=(test-device-123) already exists.


The above exception was the direct cause of the following exception:

Traceback (most recent call last):
  File "/Users/vishaljha/.pyenv/versions/3.10.13/lib/python3.10/site-packages/django/core/handlers/exception.py", line 55, in inner
    response = get_response(request)
  File "/Users/vishaljha/.pyenv/versions/3.10.13/lib/python3.10/site-packages/django/core/handlers/base.py", line 197, in _get_response
    response = wrapped_callback(request, *callback_args, **callback_kwargs)
  File "/Users/vishaljha/.pyenv/versions/3.10.13/lib/python3.10/site-packages/django/views/decorators/csrf.py", line 65, in _view_wrapper
    return view_func(request, *args, **kwargs)
  File "/Users/vishaljha/.pyenv/versions/3.10.13/lib/python3.10/site-packages/django/views/generic/base.py", line 104, in view
    return self.dispatch(request, *args, **kwargs)
  File "/Users/vishaljha/.pyenv/versions/3.10.13/lib/python3.10/site-packages/rest_framework/views.py", line 509, in dispatch
    response = self.handle_exception(exc)
  File "/Users/vishaljha/.pyenv/versions/3.10.13/lib/python3.10/site-packages/rest_framework/views.py", line 469, in handle_exception
    self.raise_uncaught_exception(exc)
  File "/Users/vishaljha/.pyenv/versions/3.10.13/lib/python3.10/site-packages/rest_framework/views.py", line 480, in raise_uncaught_exception
    raise exc
  File "/Users/vishaljha/.pyenv/versions/3.10.13/lib/python3.10/site-packages/rest_framework/views.py", line 506, in dispatch
    response = handler(request, *args, **kwargs)
  File "/Users/vishaljha/backend/api/auth_views.py", line 639, in post
    guest_user.save()
  File "/Users/vishaljha/.pyenv/versions/3.10.13/lib/python3.10/site-packages/django/db/models/base.py", line 814, in save
    self.save_base(
  File "/Users/vishaljha/.pyenv/versions/3.10.13/lib/python3.10/site-packages/django/db/models/base.py", line 901, in save_base
    updated = self._save_table(
  File "/Users/vishaljha/.pyenv/versions/3.10.13/lib/python3.10/site-packages/django/db/models/base.py", line 1028, in _save_table
    updated = self._do_update(
  File "/Users/vishaljha/.pyenv/versions/3.10.13/lib/python3.10/site-packages/django/db/models/base.py", line 1093, in _do_update
    return filtered._update(values) > 0
  File "/Users/vishaljha/.pyenv/versions/3.10.13/lib/python3.10/site-packages/django/db/models/query.py", line 1276, in _update
    return query.get_compiler(self.db).execute_sql(CURSOR)
  File "/Users/vishaljha/.pyenv/versions/3.10.13/lib/python3.10/site-packages/django/db/models/sql/compiler.py", line 1987, in execute_sql
    cursor = super().execute_sql(result_type)
  File "/Users/vishaljha/.pyenv/versions/3.10.13/lib/python3.10/site-packages/django/db/models/sql/compiler.py", line 1562, in execute_sql
    cursor.execute(sql, params)
  File "/Users/vishaljha/.pyenv/versions/3.10.13/lib/python3.10/site-packages/django/db/backends/utils.py", line 122, in execute
    return super().execute(sql, params)
  File "/Users/vishaljha/.pyenv/versions/3.10.13/lib/python3.10/site-packages/django/db/backends/utils.py", line 79, in execute
    return self._execute_with_wrappers(
  File "/Users/vishaljha/.pyenv/versions/3.10.13/lib/python3.10/site-packages/django/db/backends/utils.py", line 92, in _execute_with_wrappers
    return executor(sql, params, many, context)
  File "/Users/vishaljha/.pyenv/versions/3.10.13/lib/python3.10/site-packages/django/db/backends/utils.py", line 100, in _execute
    with self.db.wrap_database_errors:
  File "/Users/vishaljha/.pyenv/versions/3.10.13/lib/python3.10/site-packages/django/db/utils.py", line 91, in __exit__
    raise dj_exc_value.with_traceback(traceback) from exc_value
  File "/Users/vishaljha/.pyenv/versions/3.10.13/lib/python3.10/site-packages/django/db/backends/utils.py", line 105, in _execute
    return self.cursor.execute(sql, params)
django.db.utils.IntegrityError: duplicate key value violates unique constraint "users_device_id_key"
DETAIL:  Key (device_id)=(test-device-123) already exists.

[22/Dec/2025 08:32:38] "POST /auth/signup/ HTTP/1.1" 500 184510
